This is XeTeX, Version 3.141592653-2.6-0.999994 (TeX Live 2022/Debian) (preloaded format=xelatex 2024.2.25)  4 MAR 2024 11:27
entering extended mode
 restricted \write18 enabled.
 %&-line parsing enabled.
**CV.tex
(./CV.tex
LaTeX2e <2022-11-01> patch level 1
L3 programming layer <2023-01-16>
(/usr/share/texlive/texmf-dist/tex/latex/base/article.cls
Document Class: article 2022/07/02 v1.4n Standard LaTeX document class
(/usr/share/texlive/texmf-dist/tex/latex/base/size12.clo
File: size12.clo 2022/07/02 v1.4n Standard LaTeX file (size option)
)
\c@part=\count181
\c@section=\count182
\c@subsection=\count183
\c@subsubsection=\count184
\c@paragraph=\count185
\c@subparagraph=\count186
\c@figure=\count187
\c@table=\count188
\abovecaptionskip=\skip48
\belowcaptionskip=\skip49
\bibindent=\dimen140
)
(/usr/share/texlive/texmf-dist/tex/generic/babel/babel.sty
Package: babel 2022/12/26 3.84 The Babel package
\babel@savecnt=\count189
\U@D=\dimen141
\l@unhyphenated=\language87

(/usr/share/texlive/texmf-dist/tex/generic/babel/xebabel.def)
\bbl@readstream=\read2
\bbl@dirlevel=\count190

(/usr/share/texlive/texmf-dist/tex/generic/babel-english/american.ldf
Language: american 2017/06/06 v3.3r English support from the babel system

(/usr/share/texlive/texmf-dist/tex/generic/babel-english/english.ldf
Language: english 2017/06/06 v3.3r English support from the babel system
Package babel Info: Hyphen rules for 'canadian' set to \l@english
(babel)             (\language0). Reported on input line 102.
Package babel Info: Hyphen rules for 'australian' set to \l@ukenglish
(babel)             (\language70). Reported on input line 105.
Package babel Info: Hyphen rules for 'newzealand' set to \l@ukenglish
(babel)             (\language70). Reported on input line 108.
)))
(/usr/share/texlive/texmf-dist/tex/generic/babel/locale/en/babel-american.tex
Package babel Info: Importing font and identification data for american
(babel)             from babel-en-US.ini. Reported on input line 11.
)
(/usr/share/texlive/texmf-dist/tex/latex/fontawesome/fontawesome.sty
Package: fontawesome 2016/05/15 v4.6.3.1 font awesome icons

(/usr/share/texlive/texmf-dist/tex/generic/iftex/ifxetex.sty
Package: ifxetex 2019/10/25 v0.7 ifxetex legacy package. Use iftex instead.

(/usr/share/texlive/texmf-dist/tex/generic/iftex/iftex.sty
Package: iftex 2022/02/03 v1.0f TeX engine tests
))
(/usr/share/texlive/texmf-dist/tex/generic/iftex/ifluatex.sty
Package: ifluatex 2019/10/25 v1.5 ifluatex legacy package. Use iftex instead.
)
(/usr/share/texlive/texmf-dist/tex/latex/fontawesome/fontawesomesymbols-generic
.tex) (/usr/share/texlive/texmf-dist/tex/latex/fontspec/fontspec.sty
(/usr/share/texlive/texmf-dist/tex/latex/l3packages/xparse/xparse.sty
(/usr/share/texlive/texmf-dist/tex/latex/l3kernel/expl3.sty
Package: expl3 2023-01-16 L3 programming layer (loader) 

(/usr/share/texlive/texmf-dist/tex/latex/l3backend/l3backend-xetex.def
File: l3backend-xetex.def 2023-01-16 L3 backend support: XeTeX
\g__graphics_track_int=\count191
\l__pdf_internal_box=\box51
\g__pdf_backend_object_int=\count192
\g__pdf_backend_annotation_int=\count193
\g__pdf_backend_link_int=\count194
))
Package: xparse 2023-01-16 L3 Experimental document command parser
)
Package: fontspec 2022/01/15 v2.8a Font selection for XeLaTeX and LuaLaTeX

(/usr/share/texlive/texmf-dist/tex/latex/fontspec/fontspec-xetex.sty
Package: fontspec-xetex 2022/01/15 v2.8a Font selection for XeLaTeX and LuaLaTe
X
\l__fontspec_script_int=\count195
\l__fontspec_language_int=\count196
\l__fontspec_strnum_int=\count197
\l__fontspec_tmp_int=\count198
\l__fontspec_tmpa_int=\count199
\l__fontspec_tmpb_int=\count266
\l__fontspec_tmpc_int=\count267
\l__fontspec_em_int=\count268
\l__fontspec_emdef_int=\count269
\l__fontspec_strong_int=\count270
\l__fontspec_strongdef_int=\count271
\l__fontspec_tmpa_dim=\dimen142
\l__fontspec_tmpb_dim=\dimen143
\l__fontspec_tmpc_dim=\dimen144

(/usr/share/texlive/texmf-dist/tex/latex/base/fontenc.sty
Package: fontenc 2021/04/29 v2.0v Standard LaTeX package
)
(/usr/share/texlive/texmf-dist/tex/latex/fontspec/fontspec.cfg)))

Package fontspec Info: Could not resolve font "FontAwesome/BI" (it probably
(fontspec)             doesn't exist).


Package fontspec Info: Could not resolve font "FontAwesome/B" (it probably
(fontspec)             doesn't exist).


Package fontspec Info: Could not resolve font "FontAwesome/I" (it probably
(fontspec)             doesn't exist).


Package fontspec Info: Font family 'FontAwesome(0)' created for font
(fontspec)             'FontAwesome' with options [].
(fontspec)              
(fontspec)              This font family consists of the following NFSS
(fontspec)             series/shapes:
(fontspec)              
(fontspec)             - 'normal' (m/n) with NFSS spec.:
(fontspec)             <->"FontAwesome/OT:language=dflt;"
(fontspec)             - 'small caps'  (m/sc) with NFSS spec.: 


(/usr/share/texlive/texmf-dist/tex/latex/fontawesome/fontawesomesymbols-xeluate
x.tex)) (/usr/share/texlive/texmf-dist/tex/latex/etbb/ETbb.sty
Package: ETbb 2022/02/04 v1.052. Style file for ETbb.

(/usr/share/texlive/texmf-dist/tex/latex/base/fontenc.sty
Package: fontenc 2021/04/29 v2.0v Standard LaTeX package
LaTeX Font Info:    Trying to load font information for T1+lmr on input line 11
2.

(/usr/share/texmf/tex/latex/lm/t1lmr.fd
File: t1lmr.fd 2015/05/01 v1.6.1 Font defs for Latin Modern
))
(/usr/share/texlive/texmf-dist/tex/latex/base/textcomp.sty
Package: textcomp 2020/02/02 v2.0n Standard LaTeX package
LaTeX Font Info:    Changing ? sub-encoding to TS1/0 on input line 78.
)
(/usr/share/texlive/texmf-dist/tex/generic/iftex/ifetex.sty
Package: ifetex 2019/10/25 v1.3 ifetex legacy package. Use iftex instead.
)
(/usr/share/texlive/texmf-dist/tex/latex/etoolbox/etoolbox.sty
Package: etoolbox 2020/10/05 v2.5k e-TeX tools for LaTeX (JAW)
\etb@tempcnta=\count272
)
(/usr/share/texlive/texmf-dist/tex/generic/xstring/xstring.sty
(/usr/share/texlive/texmf-dist/tex/generic/xstring/xstring.tex
\integerpart=\count273
\decimalpart=\count274
)
Package: xstring 2023/01/14 v1.85 String manipulations (CT)
)
(/usr/share/texlive/texmf-dist/tex/latex/base/ifthen.sty
Package: ifthen 2022/04/13 v1.1d Standard LaTeX ifthen package (DPC)
)
(/usr/share/texlive/texmf-dist/tex/latex/carlisle/scalefnt.sty)
(/usr/share/texlive/texmf-dist/tex/latex/fontaxes/fontaxes.sty
Package: fontaxes 2020/07/21 v1.0e Font selection axes
LaTeX Info: Redefining \upshape on input line 29.
LaTeX Info: Redefining \itshape on input line 31.
LaTeX Info: Redefining \slshape on input line 33.
LaTeX Info: Redefining \swshape on input line 35.
LaTeX Info: Redefining \scshape on input line 37.
LaTeX Info: Redefining \sscshape on input line 39.
LaTeX Info: Redefining \ulcshape on input line 41.
LaTeX Info: Redefining \textsw on input line 47.
LaTeX Info: Redefining \textssc on input line 48.
LaTeX Info: Redefining \textulc on input line 49.
)
LaTeX Info: Redefining \swshape on input line 47.

(/usr/share/texlive/texmf-dist/tex/latex/xkeyval/xkeyval.sty
Package: xkeyval 2022/06/16 v2.9 package option processing (HA)

(/usr/share/texlive/texmf-dist/tex/generic/xkeyval/xkeyval.tex
(/usr/share/texlive/texmf-dist/tex/generic/xkeyval/xkvutils.tex
\XKV@toks=\toks16
\XKV@tempa@toks=\toks17

(/usr/share/texlive/texmf-dist/tex/generic/xkeyval/keyval.tex))
\XKV@depth=\count275
File: xkeyval.tex 2014/12/03 v2.7a key=value parser (HA)
)))
(/usr/share/texlive/texmf-dist/tex/latex/geometry/geometry.sty
Package: geometry 2020/01/02 v5.9 Page Geometry

(/usr/share/texlive/texmf-dist/tex/generic/iftex/ifvtex.sty
Package: ifvtex 2019/10/25 v1.7 ifvtex legacy package. Use iftex instead.
)
\Gm@cnth=\count276
\Gm@cntv=\count277
\c@Gm@tempcnt=\count278
\Gm@bindingoffset=\dimen145
\Gm@wd@mp=\dimen146
\Gm@odd@mp=\dimen147
\Gm@even@mp=\dimen148
\Gm@layoutwidth=\dimen149
\Gm@layoutheight=\dimen150
\Gm@layouthoffset=\dimen151
\Gm@layoutvoffset=\dimen152
\Gm@dimlist=\toks18
)
(/usr/share/texlive/texmf-dist/tex/latex/marginnote/marginnote.sty
Package: marginnote 2018/08/09 v1.4b non floating margin notes for LaTeX
\c@mn@abspage=\count279
)
(/usr/share/texlive/texmf-dist/tex/latex/koma-script/scrextend.sty
Package: scrextend 2022/10/12 v3.38 KOMA-Script package (extend other classes w
ith features of KOMA-Script classes)

(/usr/share/texlive/texmf-dist/tex/latex/koma-script/scrkbase.sty
Package: scrkbase 2022/10/12 v3.38 KOMA-Script package (KOMA-Script-dependent b
asics and keyval usage)

(/usr/share/texlive/texmf-dist/tex/latex/koma-script/scrbase.sty
Package: scrbase 2022/10/12 v3.38 KOMA-Script package (KOMA-Script-independent 
basics and keyval usage)

(/usr/share/texlive/texmf-dist/tex/latex/koma-script/scrlfile.sty
Package: scrlfile 2022/10/12 v3.38 KOMA-Script package (file load hooks)

(/usr/share/texlive/texmf-dist/tex/latex/koma-script/scrlfile-hook.sty
Package: scrlfile-hook 2022/10/12 v3.38 KOMA-Script package (using LaTeX hooks)


(/usr/share/texlive/texmf-dist/tex/latex/koma-script/scrlogo.sty
Package: scrlogo 2022/10/12 v3.38 KOMA-Script package (logo)
)))
Applying: [2021/05/01] Usage of raw or classic option list on input line 252.
Already applied: [0000/00/00] Usage of raw or classic option list on input line
 368.
)))
(/usr/share/texlive/texmf-dist/tex/latex/sectsty/sectsty.sty
Package: sectsty 2002/02/25 v2.0.2 Commands to change all sectional heading sty
les


LaTeX Warning: Command \underbar  has changed.
               Check if current package is valid.


LaTeX Warning: Command \underline  has changed.
               Check if current package is valid.

) (/usr/share/texlive/texmf-dist/tex/latex/microtype/microtype.sty
Package: microtype 2022/06/23 v3.0f Micro-typographical refinements (RS)
\MT@toks=\toks19
\MT@tempbox=\box52
\MT@count=\count280
LaTeX Info: Redefining \noprotrusionifhmode on input line 1045.
LaTeX Info: Redefining \leftprotrusion on input line 1046.
LaTeX Info: Redefining \rightprotrusion on input line 1056.
LaTeX Info: Redefining \textls on input line 1234.
\MT@outer@kern=\dimen153
LaTeX Info: Redefining \textmicrotypecontext on input line 1858.
\MT@listname@count=\count281

(/usr/share/texlive/texmf-dist/tex/latex/microtype/microtype-xetex.def
File: microtype-xetex.def 2022/06/23 v3.0f Definitions specific to xetex (RS)
LaTeX Info: Redefining \lsstyle on input line 236.
)
Package microtype Info: Loading configuration file microtype.cfg.

(/usr/share/texlive/texmf-dist/tex/latex/microtype/microtype.cfg
File: microtype.cfg 2022/06/23 v3.0f microtype main configuration file (RS)
))
(/usr/share/texlive/texmf-dist/tex/latex/graphics/color.sty
Package: color 2022/01/06 v1.3d Standard LaTeX Color (DPC)

(/usr/share/texlive/texmf-dist/tex/latex/graphics-cfg/color.cfg
File: color.cfg 2016/01/02 v1.6 sample color configuration
)
Package color Info: Driver file: xetex.def on input line 149.

(/usr/share/texlive/texmf-dist/tex/latex/graphics-def/xetex.def
File: xetex.def 2022/09/22 v5.0n Graphics/color driver for xetex
)
(/usr/share/texlive/texmf-dist/tex/latex/graphics/dvipsnam.def
File: dvipsnam.def 2016/06/17 v3.0m Driver-dependent file (DPC,SPQR)
)
(/usr/share/texlive/texmf-dist/tex/latex/graphics/mathcolor.ltx))
(/usr/share/texlive/texmf-dist/tex/latex/hyperref/hyperref.sty
Package: hyperref 2022-11-13 v7.00u Hypertext links for LaTeX

(/usr/share/texlive/texmf-dist/tex/generic/ltxcmds/ltxcmds.sty
Package: ltxcmds 2020-05-10 v1.25 LaTeX kernel commands for general use (HO)
)
(/usr/share/texlive/texmf-dist/tex/generic/pdftexcmds/pdftexcmds.sty
Package: pdftexcmds 2020-06-27 v0.33 Utility functions of pdfTeX for LuaTeX (HO
)

(/usr/share/texlive/texmf-dist/tex/generic/infwarerr/infwarerr.sty
Package: infwarerr 2019/12/03 v1.5 Providing info/warning/error messages (HO)
)
Package pdftexcmds Info: \pdf@primitive is available.
Package pdftexcmds Info: \pdf@ifprimitive is available.
Package pdftexcmds Info: \pdfdraftmode not found.
)
(/usr/share/texlive/texmf-dist/tex/latex/kvsetkeys/kvsetkeys.sty
Package: kvsetkeys 2022-10-05 v1.19 Key value parser (HO)
)
(/usr/share/texlive/texmf-dist/tex/generic/kvdefinekeys/kvdefinekeys.sty
Package: kvdefinekeys 2019-12-19 v1.6 Define keys (HO)
)
(/usr/share/texlive/texmf-dist/tex/generic/pdfescape/pdfescape.sty
Package: pdfescape 2019/12/09 v1.15 Implements pdfTeX's escape features (HO)
)
(/usr/share/texlive/texmf-dist/tex/latex/hycolor/hycolor.sty
Package: hycolor 2020-01-27 v1.10 Color options for hyperref/bookmark (HO)
)
(/usr/share/texlive/texmf-dist/tex/latex/letltxmacro/letltxmacro.sty
Package: letltxmacro 2019/12/03 v1.6 Let assignment for LaTeX macros (HO)
)
(/usr/share/texlive/texmf-dist/tex/latex/auxhook/auxhook.sty
Package: auxhook 2019-12-17 v1.6 Hooks for auxiliary files (HO)
)
(/usr/share/texlive/texmf-dist/tex/latex/hyperref/nameref.sty
Package: nameref 2022-05-17 v2.50 Cross-referencing by name of section

(/usr/share/texlive/texmf-dist/tex/latex/refcount/refcount.sty
Package: refcount 2019/12/15 v3.6 Data extraction from label references (HO)
)
(/usr/share/texlive/texmf-dist/tex/generic/gettitlestring/gettitlestring.sty
Package: gettitlestring 2019/12/15 v1.6 Cleanup title references (HO)

(/usr/share/texlive/texmf-dist/tex/latex/kvoptions/kvoptions.sty
Package: kvoptions 2022-06-15 v3.15 Key value format for package options (HO)
))
\c@section@level=\count282
)
\@linkdim=\dimen154
\Hy@linkcounter=\count283
\Hy@pagecounter=\count284

(/usr/share/texlive/texmf-dist/tex/latex/hyperref/pd1enc.def
File: pd1enc.def 2022-11-13 v7.00u Hyperref: PDFDocEncoding definition (HO)
)
(/usr/share/texlive/texmf-dist/tex/generic/intcalc/intcalc.sty
Package: intcalc 2019/12/15 v1.3 Expandable calculations with integers (HO)
)
(/usr/share/texlive/texmf-dist/tex/generic/etexcmds/etexcmds.sty
Package: etexcmds 2019/12/15 v1.7 Avoid name clashes with e-TeX commands (HO)
)
\Hy@SavedSpaceFactor=\count285

(/usr/share/texlive/texmf-dist/tex/latex/hyperref/puenc.def
File: puenc.def 2022-11-13 v7.00u Hyperref: PDF Unicode definition (HO)
)
Package hyperref Info: Option `bookmarks' set `true' on input line 4045.
Package hyperref Info: Option `colorlinks' set `true' on input line 4045.
Package hyperref Info: Option `breaklinks' set `true' on input line 4045.
Package hyperref Info: Hyper figures OFF on input line 4162.
Package hyperref Info: Link nesting OFF on input line 4167.
Package hyperref Info: Hyper index ON on input line 4170.
Package hyperref Info: Plain pages OFF on input line 4177.
Package hyperref Info: Backreferencing OFF on input line 4182.
Package hyperref Info: Implicit mode ON; LaTeX internals redefined.
Package hyperref Info: Bookmarks ON on input line 4410.
\c@Hy@tempcnt=\count286

(/usr/share/texlive/texmf-dist/tex/latex/url/url.sty
\Urlmuskip=\muskip16
Package: url 2013/09/16  ver 3.4  Verb mode for urls, etc.
)
LaTeX Info: Redefining \url on input line 4748.
\XeTeXLinkMargin=\dimen155

(/usr/share/texlive/texmf-dist/tex/generic/bitset/bitset.sty
Package: bitset 2019/12/09 v1.3 Handle bit-vector datatype (HO)

(/usr/share/texlive/texmf-dist/tex/generic/bigintcalc/bigintcalc.sty
Package: bigintcalc 2019/12/15 v1.5 Expandable calculations on big integers (HO
)
))
\Fld@menulength=\count287
\Field@Width=\dimen156
\Fld@charsize=\dimen157
Package hyperref Info: Hyper figures OFF on input line 6027.
Package hyperref Info: Link nesting OFF on input line 6032.
Package hyperref Info: Hyper index ON on input line 6035.
Package hyperref Info: backreferencing OFF on input line 6042.
Package hyperref Info: Link coloring ON on input line 6045.
Package hyperref Info: Link coloring with OCG OFF on input line 6052.
Package hyperref Info: PDF/A mode OFF on input line 6057.

(/usr/share/texlive/texmf-dist/tex/latex/base/atbegshi-ltx.sty
Package: atbegshi-ltx 2021/01/10 v1.0c Emulation of the original atbegshi
package with kernel methods
)
\Hy@abspage=\count288
\c@Item=\count289
\c@Hfootnote=\count290
)
Package hyperref Info: Driver (autodetected): hxetex.

(/usr/share/texlive/texmf-dist/tex/latex/hyperref/hxetex.def
File: hxetex.def 2022-11-13 v7.00u Hyperref driver for XeTeX

(/usr/share/texlive/texmf-dist/tex/generic/stringenc/stringenc.sty
Package: stringenc 2019/11/29 v1.12 Convert strings between diff. encodings (HO
)
)
\pdfm@box=\box53
\c@Hy@AnnotLevel=\count291
\HyField@AnnotCount=\count292
\Fld@listcount=\count293
\c@bookmark@seq@number=\count294

(/usr/share/texlive/texmf-dist/tex/latex/rerunfilecheck/rerunfilecheck.sty
Package: rerunfilecheck 2022-07-10 v1.10 Rerun checks for auxiliary files (HO)

(/usr/share/texlive/texmf-dist/tex/latex/base/atveryend-ltx.sty
Package: atveryend-ltx 2020/08/19 v1.0a Emulation of the original atveryend pac
kage
with kernel methods
)
(/usr/share/texlive/texmf-dist/tex/generic/uniquecounter/uniquecounter.sty
Package: uniquecounter 2019/12/15 v1.4 Provide unlimited unique counter (HO)
)
Package uniquecounter Info: New unique counter `rerunfilecheck' on input line 2
85.
)
\Hy@SectionHShift=\skip50
)
(/usr/share/texlive/texmf-dist/tex/latex/datetime2/datetime2.sty
Package: datetime2 2021/03/21 v1.5.7 (NLCT) date and time formats

(/usr/share/texlive/texmf-dist/tex/latex/tracklang/tracklang.sty
Package: tracklang 2022/12/13 v1.6.1 (NLCT) Track Languages

(/usr/share/texlive/texmf-dist/tex/generic/tracklang/tracklang.tex))
(/usr/share/texlive/texmf-dist/tex/latex/datetime2-english/datetime2-en-US.ldf
File: datetime2-en-US.ldf 2019/10/21 v1.05 (NLCT)

(/usr/share/texlive/texmf-dist/tex/latex/datetime2-english/datetime2-english-ba
se.ldf
File: datetime2-english-base.ldf 2019/10/21 v1.05 (NLCT)
))) (/usr/share/texlive/texmf-dist/tex/latex/nowidow/nowidow.sty
Package: nowidow 2011/09/20 1.0 Easily prevent widows and orphans
Package: nowidow 
)
LaTeX Font Info:    Trying to load font information for T1+ETbb-OsF on input li
ne 155.

(/usr/share/texlive/texmf-dist/tex/latex/etbb/T1ETbb-OsF.fd
File: T1ETbb-OsF.fd 2020/02/15 Font definitions for T1/ETbb-OsF.
)
LaTeX Font Info:    Font shape `T1/ETbb-OsF/m/n' aliased to
(Font)              `T1/ETbb-OsF/regular/n' on input line 155.
LaTeX Font Info:    Font shape `T1/ETbb-OsF/regular/n' will be
(Font)              scaled to size 12.0pt on input line 155.
 (./CV.aux)
\openout1 = `CV.aux'.

LaTeX Font Info:    Checking defaults for OML/cmm/m/it on input line 155.
LaTeX Font Info:    ... okay on input line 155.
LaTeX Font Info:    Checking defaults for OMS/cmsy/m/n on input line 155.
LaTeX Font Info:    ... okay on input line 155.
LaTeX Font Info:    Checking defaults for OT1/cmr/m/n on input line 155.
LaTeX Font Info:    ... okay on input line 155.
LaTeX Font Info:    Checking defaults for T1/cmr/m/n on input line 155.
LaTeX Font Info:    ... okay on input line 155.
LaTeX Font Info:    Checking defaults for TS1/cmr/m/n on input line 155.
LaTeX Font Info:    Trying to load font information for TS1+cmr on input line 1
55.

(/usr/share/texlive/texmf-dist/tex/latex/base/ts1cmr.fd
File: ts1cmr.fd 2022/07/10 v2.5l Standard LaTeX font definitions
)
LaTeX Font Info:    ... okay on input line 155.
LaTeX Font Info:    Checking defaults for TU/lmr/m/n on input line 155.
LaTeX Font Info:    ... okay on input line 155.
LaTeX Font Info:    Checking defaults for OMX/cmex/m/n on input line 155.
LaTeX Font Info:    ... okay on input line 155.
LaTeX Font Info:    Checking defaults for U/cmr/m/n on input line 155.
LaTeX Font Info:    ... okay on input line 155.
LaTeX Font Info:    Checking defaults for PD1/pdf/m/n on input line 155.
LaTeX Font Info:    ... okay on input line 155.
LaTeX Font Info:    Checking defaults for PU/pdf/m/n on input line 155.
LaTeX Font Info:    ... okay on input line 155.

Package fontspec Info: Adjusting the maths setup (use [no-math] to avoid
(fontspec)             this).

\symlegacymaths=\mathgroup4
LaTeX Font Info:    Overwriting symbol font `legacymaths' in version `bold'
(Font)                  OT1/cmr/m/n --> OT1/cmr/bx/n on input line 155.
LaTeX Font Info:    Redeclaring math accent \acute on input line 155.
LaTeX Font Info:    Redeclaring math accent \grave on input line 155.
LaTeX Font Info:    Redeclaring math accent \ddot on input line 155.
LaTeX Font Info:    Redeclaring math accent \tilde on input line 155.
LaTeX Font Info:    Redeclaring math accent \bar on input line 155.
LaTeX Font Info:    Redeclaring math accent \breve on input line 155.
LaTeX Font Info:    Redeclaring math accent \check on input line 155.
LaTeX Font Info:    Redeclaring math accent \hat on input line 155.
LaTeX Font Info:    Redeclaring math accent \dot on input line 155.
LaTeX Font Info:    Redeclaring math accent \mathring on input line 155.
LaTeX Font Info:    Redeclaring math symbol \colon on input line 155.
LaTeX Font Info:    Redeclaring math symbol \Gamma on input line 155.
LaTeX Font Info:    Redeclaring math symbol \Delta on input line 155.
LaTeX Font Info:    Redeclaring math symbol \Theta on input line 155.
LaTeX Font Info:    Redeclaring math symbol \Lambda on input line 155.
LaTeX Font Info:    Redeclaring math symbol \Xi on input line 155.
LaTeX Font Info:    Redeclaring math symbol \Pi on input line 155.
LaTeX Font Info:    Redeclaring math symbol \Sigma on input line 155.
LaTeX Font Info:    Redeclaring math symbol \Upsilon on input line 155.
LaTeX Font Info:    Redeclaring math symbol \Phi on input line 155.
LaTeX Font Info:    Redeclaring math symbol \Psi on input line 155.
LaTeX Font Info:    Redeclaring math symbol \Omega on input line 155.
LaTeX Font Info:    Redeclaring math symbol \mathdollar on input line 155.
LaTeX Font Info:    Redeclaring symbol font `operators' on input line 155.
LaTeX Font Info:    Encoding `OT1' has changed to `TU' for symbol font
(Font)              `operators' in the math version `normal' on input line 155.

LaTeX Font Info:    Overwriting symbol font `operators' in version `normal'
(Font)                  OT1/cmr/m/n --> TU/ETbb-OsF/m/n on input line 155.
LaTeX Font Info:    Encoding `OT1' has changed to `TU' for symbol font
(Font)              `operators' in the math version `bold' on input line 155.
LaTeX Font Info:    Overwriting symbol font `operators' in version `bold'
(Font)                  OT1/cmr/bx/n --> TU/ETbb-OsF/m/n on input line 155.
LaTeX Font Info:    Overwriting symbol font `operators' in version `normal'
(Font)                  TU/ETbb-OsF/m/n --> TU/ETbb-OsF/m/n on input line 155.
LaTeX Font Info:    Overwriting math alphabet `\mathit' in version `normal'
(Font)                  OT1/cmr/m/it --> TU/ETbb-OsF/m/it on input line 155.
LaTeX Font Info:    Overwriting math alphabet `\mathbf' in version `normal'
(Font)                  OT1/cmr/bx/n --> TU/ETbb-OsF/b/n on input line 155.
LaTeX Font Info:    Overwriting math alphabet `\mathsf' in version `normal'
(Font)                  OT1/cmss/m/n --> TU/lmss/m/n on input line 155.
LaTeX Font Info:    Overwriting math alphabet `\mathtt' in version `normal'
(Font)                  OT1/cmtt/m/n --> TU/lmtt/m/n on input line 155.
LaTeX Font Info:    Overwriting symbol font `operators' in version `bold'
(Font)                  TU/ETbb-OsF/m/n --> TU/ETbb-OsF/b/n on input line 155.
LaTeX Font Info:    Overwriting math alphabet `\mathit' in version `bold'
(Font)                  OT1/cmr/bx/it --> TU/ETbb-OsF/b/it on input line 155.
LaTeX Font Info:    Overwriting math alphabet `\mathsf' in version `bold'
(Font)                  OT1/cmss/bx/n --> TU/lmss/b/n on input line 155.
LaTeX Font Info:    Overwriting math alphabet `\mathtt' in version `bold'
(Font)                  OT1/cmtt/m/n --> TU/lmtt/b/n on input line 155.
\c@mv@tabular=\count295
\c@mv@boldtabular=\count296
LaTeX Font Info:    Trying to load font information for OT1+ETbb-OsF on input l
ine 155.

(/usr/share/texlive/texmf-dist/tex/latex/etbb/OT1ETbb-OsF.fd
File: OT1ETbb-OsF.fd 2020/02/15 Font definitions for OT1/ETbb-OsF.
)
LaTeX Font Info:    Font shape `OT1/ETbb-OsF/regular/n' will be
(Font)              scaled to size 12.0pt on input line 155.

*geometry* driver: auto-detecting
*geometry* detected driver: xetex
*geometry* verbose mode - [ preamble ] result:
* driver: xetex
* paper: letterpaper
* layout: <same size as paper>
* layoutoffset:(h,v)=(0.0pt,0.0pt)
* modes: 
* h-part:(L,W,R)=(107.97821pt, 398.33858pt, 107.97821pt)
* v-part:(T,H,B)=(33.46042pt, 711.3189pt, 50.19067pt)
* \paperwidth=614.295pt
* \paperheight=794.96999pt
* \textwidth=398.33858pt
* \textheight=711.3189pt
* \oddsidemargin=35.70822pt
* \evensidemargin=35.70822pt
* \topmargin=-75.80957pt
* \headheight=12.0pt
* \headsep=25.0pt
* \topskip=12.0pt
* \footskip=30.0pt
* \marginparwidth=71.13188pt
* \marginparsep=10.0pt
* \columnsep=10.0pt
* \skip\footins=56.9055pt
* \hoffset=0.0pt
* \voffset=0.0pt
* \mag=1000
* \@twocolumnfalse
* \@twosidefalse
* \@mparswitchfalse
* \@reversemarginfalse
* (1in=72.27pt=25.4mm, 1cm=28.453pt)

LaTeX Info: Redefining \microtypecontext on input line 155.
Package microtype Info: Applying patch `item' on input line 155.
Package microtype Info: Applying patch `toc' on input line 155.
Package microtype Info: Applying patch `eqnum' on input line 155.
Package microtype Info: Applying patch `footnote' on input line 155.
Package microtype Info: Character protrusion enabled (level 2).
Package microtype Info: Using default protrusion set `alltext'.
Package microtype Info: No adjustment of tracking.
Package microtype Info: No adjustment of spacing.
Package microtype Info: No adjustment of kerning.
Package microtype Info: Loading generic protrusion settings for font family
(microtype)             `ETbb-OsF' (encoding: T1).
(microtype)             For optimal results, create family-specific settings.
(microtype)             See the microtype manual for details.
Package hyperref Info: Link coloring ON on input line 155.
(./CV.out) (./CV.out)
\@outlinefile=\write3
\openout3 = `CV.out'.

LaTeX Font Info:    Font shape `T1/ETbb-OsF/regular/n' will be
(Font)              scaled to size 24.88pt on input line 158.
LaTeX Font Info:    Font shape `T1/ETbb-OsF/regular/sc' will be
(Font)              scaled to size 24.88pt on input line 158.
LaTeX Font Info:    Font shape `T1/ETbb-OsF/regular/it' will be
(Font)              scaled to size 12.0pt on input line 160.
LaTeX Font Info:    Trying to load font information for TU+ETbb-OsF on input li
ne 161.
LaTeX Font Info:    No file TUETbb-OsF.fd. on input line 161.


LaTeX Font Warning: Font shape `TU/ETbb-OsF/m/n' undefined
(Font)              using `TU/lmr/m/n' instead on input line 161.

(/usr/share/texlive/texmf-dist/tex/latex/microtype/mt-LatinModernRoman.cfg
File: mt-LatinModernRoman.cfg 2021/02/21 v1.1 microtype config. file: Latin Mod
ern Roman (RS)
)
Package microtype Info: Loading generic protrusion settings for font family
(microtype)             `ETbb-OsF' (encoding: TU).
(microtype)             For optimal results, create family-specific settings.
(microtype)             See the microtype manual for details.
LaTeX Font Info:    External font `cmex10' loaded for size
(Font)              <12> on input line 161.
LaTeX Font Info:    External font `cmex10' loaded for size
(Font)              <8> on input line 161.
LaTeX Font Info:    External font `cmex10' loaded for size
(Font)              <6> on input line 161.

(/usr/share/texlive/texmf-dist/tex/latex/microtype/mt-cmr.cfg
File: mt-cmr.cfg 2013/05/19 v2.2 microtype config. file: Computer Modern Roman 
(RS)
)
LaTeX Font Info:    Font shape `T1/ETbb-OsF/regular/n' will be
(Font)              scaled to size 8.0pt on input line 161.
LaTeX Font Info:    Font shape `T1/ETbb-OsF/regular/n' will be
(Font)              scaled to size 10.0pt on input line 161.
LaTeX Font Info:    External font `cmex10' loaded for size
(Font)              <7> on input line 161.
LaTeX Font Info:    External font `cmex10' loaded for size
(Font)              <5> on input line 161.
LaTeX Font Info:    Font shape `T1/ETbb-OsF/regular/n' will be
(Font)              scaled to size 7.0pt on input line 161.


LaTeX Font Warning: Font shape `TU/FontAwesome(0)/regular/n' undefined
(Font)              using `TU/FontAwesome(0)/m/n' instead on input line 168.

(/usr/share/texlive/texmf-dist/tex/latex/microtype/mt-TU-empty.cfg
File: mt-TU-empty.cfg 2021/06/22 v1.1 microtype config. file: fonts with nonsta
ndard glyph set (RS)
)
LaTeX Font Info:    Font shape `T1/ETbb-OsF/regular/n' will be
(Font)              scaled to size 17.28pt on input line 182.
LaTeX Font Info:    Font shape `T1/ETbb-OsF/bold/n' will be
(Font)              scaled to size 17.28pt on input line 182.
LaTeX Font Info:    Font shape `T1/ETbb-OsF/regular/sc' will be
(Font)              scaled to size 17.28pt on input line 182.
Package marginnote Info: Margin note 1.1 is on absolute page 1 on input line 18
5.
Package marginnote Info: right page because not two side mode on input line 185
.
LaTeX Font Info:    Font shape `T1/ETbb-OsF/regular/n' will be
(Font)              scaled to size 10.95pt on input line 185.
Package marginnote Info: xpos seems to be 107.97821pt on input line 185.
LaTeX Font Info:    Font shape `T1/ETbb-OsF/bold/n' will be
(Font)              scaled to size 12.0pt on input line 187.
Package marginnote Info: Margin note 1.2 is on absolute page 1 on input line 19
0.
Package marginnote Info: right page because not two side mode on input line 190
.
Package marginnote Info: xpos seems to be 107.97821pt on input line 190.
Package marginnote Info: Margin note 1.3 is on absolute page 1 on input line 19
4.
Package marginnote Info: right page because not two side mode on input line 194
.
Package marginnote Info: xpos seems to be 107.97821pt on input line 194.
Package marginnote Info: Margin note 1.4 is on absolute page 1 on input line 20
5.
Package marginnote Info: right page because not two side mode on input line 205
.
Package marginnote Info: xpos seems to be 107.97821pt on input line 205.
LaTeX Font Info:    Font shape `T1/ETbb-OsF/regular/n' will be
(Font)              scaled to size 14.4pt on input line 220.
LaTeX Font Info:    Font shape `T1/ETbb-OsF/bold/n' will be
(Font)              scaled to size 14.4pt on input line 220.
LaTeX Font Info:    Font shape `T1/ETbb-OsF/regular/sc' will be
(Font)              scaled to size 14.4pt on input line 220.
Package marginnote Info: Margin note 1.5 is on absolute page 1 on input line 22
2.
Package marginnote Info: right page because not two side mode on input line 222
.
Package marginnote Info: xpos seems to be 107.97821pt on input line 222.
Package marginnote Info: Margin note 1.6 is on absolute page 1 on input line 22
8.
Package marginnote Info: right page because not two side mode on input line 228
.
Package marginnote Info: xpos seems to be 107.97821pt on input line 228.

Overfull \hbox (18.35939pt too wide) in paragraph at lines 222--231
||[]\T1/ETbb-OsF/regular/n/12 ``Thomistic Max-imi-an-ism: A The-ol-ogy for Cath
olic and Or-tho-dox Re-communion,''
 []


Overfull \hbox (1.26479pt too wide) in paragraph at lines 222--231
||[][][]\T1/ETbb-OsF/regular/n/12 ``Catechisms, Com-mu-nion, and Latin Scholas-
tic Re-cep-tion of Byzan-tine Thought:
 []

Package marginnote Info: Margin note 1.7 is on absolute page 1 on input line 23
4.
Package marginnote Info: right page because not two side mode on input line 234
.
Package marginnote Info: xpos seems to be 107.97821pt on input line 234.
Package marginnote Info: Margin note 1.8 is on absolute page 2 on input line 24
0.
Package marginnote Info: right page because not two side mode on input line 240
.
Package marginnote Info: xpos seems to be 107.97821pt on input line 240.

Overfull \hbox (16.62796pt too wide) in paragraph at lines 234--245
||[]\T1/ETbb-OsF/regular/n/12 ``[][]Michael W. Lu-cas's \T1/ETbb-OsF/regular/it
/12 Ab-so-lute FreeBSD \T1/ETbb-OsF/regular/n/12 (3rd Edi-tion): A Scholar's Re
-view[][].'' FreeBSD
 []


Overfull \hbox (19.75812pt too wide) in paragraph at lines 234--245
[][]\T1/ETbb-OsF/regular/n/12 Kantzer Kom-line, Han-Luen. \T1/ETbb-OsF/regular/
it/12 Au-gus-tine on the Will: A The-o-log-i-cal Ac-count[][]\T1/ETbb-OsF/regul
ar/n/12 . Thomistica,
 []

[1

]
Package marginnote Info: Margin note 2.1 is on absolute page 2 on input line 24
8.
Package marginnote Info: right page because not two side mode on input line 248
.
Package marginnote Info: xpos seems to be 107.97821pt on input line 248.
Package marginnote Info: Margin note 2.2 is on absolute page 2 on input line 25
1.
Package marginnote Info: right page because not two side mode on input line 251
.
Package marginnote Info: xpos seems to be 107.97821pt on input line 251.

Missing character: There is no “ ("201C) in font ETbb-Regular-osf-t1!
Package marginnote Info: Margin note 2.3 is on absolute page 2 on input line 25
5.
Package marginnote Info: right page because not two side mode on input line 255
.
Package marginnote Info: xpos seems to be 107.97821pt on input line 255.
Package marginnote Info: Margin note 2.4 is on absolute page 2 on input line 26
5.
Package marginnote Info: right page because not two side mode on input line 265
.
Package marginnote Info: xpos seems to be 107.97821pt on input line 265.
Package marginnote Info: Margin note 2.5 is on absolute page 2 on input line 26
8.
Package marginnote Info: right page because not two side mode on input line 268
.
Package marginnote Info: xpos seems to be 107.97821pt on input line 268.
Package marginnote Info: Margin note 2.6 is on absolute page 2 on input line 27
1.
Package marginnote Info: right page because not two side mode on input line 271
.
Package marginnote Info: xpos seems to be 107.97821pt on input line 271.
Package marginnote Info: Margin note 2.7 is on absolute page 2 on input line 27
9.
Package marginnote Info: right page because not two side mode on input line 279
.
Package marginnote Info: xpos seems to be 107.97821pt on input line 279.
Package marginnote Info: Margin note 2.8 is on absolute page 2 on input line 28
3.
Package marginnote Info: right page because not two side mode on input line 283
.
Package marginnote Info: xpos seems to be 107.97821pt on input line 283.
Package marginnote Info: Margin note 2.9 is on absolute page 2 on input line 28
9.
Package marginnote Info: right page because not two side mode on input line 289
.
Package marginnote Info: xpos seems to be 107.97821pt on input line 289.
Package marginnote Info: Margin note 2.10 is on absolute page 2 on input line 2
93.
Package marginnote Info: right page because not two side mode on input line 293
.
Package marginnote Info: xpos seems to be 107.97821pt on input line 293.
Package marginnote Info: Margin note 2.11 is on absolute page 2 on input line 2
98.
Package marginnote Info: right page because not two side mode on input line 298
.
Package marginnote Info: xpos seems to be 107.97821pt on input line 298.
Package marginnote Info: Margin note 2.12 is on absolute page 3 on input line 3
02.
Package marginnote Info: right page because not two side mode on input line 302
.
Package marginnote Info: xpos seems to be 107.97821pt on input line 302.
Package marginnote Info: Margin note 2.13 is on absolute page 3 on input line 3
07.
Package marginnote Info: right page because not two side mode on input line 307
.
Package marginnote Info: xpos seems to be 107.97821pt on input line 307.
Package marginnote Info: Margin note 2.14 is on absolute page 3 on input line 3
14.
Package marginnote Info: right page because not two side mode on input line 314
.
Package marginnote Info: xpos seems to be 107.97821pt on input line 314.
[2]
Package marginnote Info: Margin note 3.1 is on absolute page 3 on input line 32
4.
Package marginnote Info: right page because not two side mode on input line 324
.
Package marginnote Info: xpos seems to be 107.97821pt on input line 324.
Package marginnote Info: Margin note 3.2 is on absolute page 3 on input line 33
3.
Package marginnote Info: right page because not two side mode on input line 333
.
Package marginnote Info: xpos seems to be 107.97821pt on input line 333.
Package marginnote Info: Margin note 3.3 is on absolute page 3 on input line 33
7.
Package marginnote Info: right page because not two side mode on input line 337
.
Package marginnote Info: xpos seems to be 107.97821pt on input line 337.
Package marginnote Info: Margin note 3.4 is on absolute page 4 on input line 34
7.
Package marginnote Info: right page because not two side mode on input line 347
.
Package marginnote Info: xpos seems to be 107.97821pt on input line 347.
Package marginnote Info: Margin note 3.5 is on absolute page 4 on input line 35
3.
Package marginnote Info: right page because not two side mode on input line 353
.
Package marginnote Info: xpos seems to be 107.97821pt on input line 353.
Package marginnote Info: Margin note 3.6 is on absolute page 4 on input line 36
1.
Package marginnote Info: right page because not two side mode on input line 361
.
Package marginnote Info: xpos seems to be 107.97821pt on input line 361.
Package marginnote Info: Margin note 3.7 is on absolute page 4 on input line 36
5.
Package marginnote Info: right page because not two side mode on input line 365
.
Package marginnote Info: xpos seems to be 107.97821pt on input line 365.
Package marginnote Info: Margin note 3.8 is on absolute page 4 on input line 36
9.
Package marginnote Info: right page because not two side mode on input line 369
.
Package marginnote Info: xpos seems to be 107.97821pt on input line 369.
Package marginnote Info: Margin note 3.9 is on absolute page 4 on input line 37
6.
Package marginnote Info: right page because not two side mode on input line 376
.
Package marginnote Info: xpos seems to be 107.97821pt on input line 376.

Missing character: There is no – ("2013) in font ETbb-Regular-osf-t1!
Missing character: There is no ” ("201D) in font ETbb-Regular-osf-t1!
Package marginnote Info: Margin note 3.10 is on absolute page 5 on input line 3
82.
Package marginnote Info: right page because not two side mode on input line 382
.
Package marginnote Info: xpos seems to be 107.97821pt on input line 382.

Overfull \hbox (16.49939pt too wide) in paragraph at lines 333--389
\T1/ETbb-OsF/regular/n/12 ``Thomistic Max-imi-an-ism: A The-ol-ogy for Catholic
 and Or-tho-dox Re-communion,''
 []


Overfull \hbox (4.83876pt too wide) in paragraph at lines 333--389
\T1/ETbb-OsF/regular/n/12 Manuscripts Ga-lore,'' Free and Open Source Soft-ware
 De-vel-op-ers Eu-ro-pean Meet-
 []

[3] [4]
Package marginnote Info: Margin note 5.1 is on absolute page 5 on input line 39
2.
Package marginnote Info: right page because not two side mode on input line 392
.
Package marginnote Info: xpos seems to be 107.97821pt on input line 392.
Package marginnote Info: Margin note 5.2 is on absolute page 5 on input line 39
6.
Package marginnote Info: right page because not two side mode on input line 396
.
Package marginnote Info: xpos seems to be 107.97821pt on input line 396.
Package marginnote Info: Margin note 5.3 is on absolute page 5 on input line 40
2.
Package marginnote Info: right page because not two side mode on input line 402
.
Package marginnote Info: xpos seems to be 107.97821pt on input line 402.
Package marginnote Info: Margin note 5.4 is on absolute page 5 on input line 41
0.
Package marginnote Info: right page because not two side mode on input line 410
.
Package marginnote Info: xpos seems to be 107.97821pt on input line 410.
Package marginnote Info: Margin note 5.5 is on absolute page 5 on input line 41
4.
Package marginnote Info: right page because not two side mode on input line 414
.
Package marginnote Info: xpos seems to be 107.97821pt on input line 414.
Package marginnote Info: Margin note 5.6 is on absolute page 5 on input line 41
8.
Package marginnote Info: right page because not two side mode on input line 418
.
Package marginnote Info: xpos seems to be 107.97821pt on input line 418.

Missing character: There is no ’ ("2019) in font ETbb-Regular-osf-t1!
Missing character: There is no ’ ("2019) in font ETbb-Regular-osf-t1!
Package marginnote Info: Margin note 5.7 is on absolute page 5 on input line 42
4.
Package marginnote Info: right page because not two side mode on input line 424
.
Package marginnote Info: xpos seems to be 107.97821pt on input line 424.
[5]
Package marginnote Info: Margin note 6.1 is on absolute page 6 on input line 46
0.
Package marginnote Info: right page because not two side mode on input line 460
.
Package marginnote Info: xpos seems to be 107.97821pt on input line 460.
Package marginnote Info: Margin note 6.2 is on absolute page 6 on input line 46
4.
Package marginnote Info: right page because not two side mode on input line 464
.
Package marginnote Info: xpos seems to be 107.97821pt on input line 464.
Package marginnote Info: Margin note 6.3 is on absolute page 6 on input line 47
2.
Package marginnote Info: right page because not two side mode on input line 472
.
Package marginnote Info: xpos seems to be 107.97821pt on input line 472.
Package marginnote Info: Margin note 6.4 is on absolute page 6 on input line 47
6.
Package marginnote Info: right page because not two side mode on input line 476
.
Package marginnote Info: xpos seems to be 107.97821pt on input line 476.
Package marginnote Info: Margin note 6.5 is on absolute page 6 on input line 48
2.
Package marginnote Info: right page because not two side mode on input line 482
.
Package marginnote Info: xpos seems to be 107.97821pt on input line 482.
Package marginnote Info: Margin note 6.6 is on absolute page 6 on input line 48
8.
Package marginnote Info: right page because not two side mode on input line 488
.
Package marginnote Info: xpos seems to be 107.97821pt on input line 488.
Package marginnote Info: Margin note 6.7 is on absolute page 7 on input line 49
4.
Package marginnote Info: right page because not two side mode on input line 494
.
Package marginnote Info: xpos seems to be 107.97821pt on input line 494.
Package marginnote Info: Margin note 6.8 is on absolute page 7 on input line 49
8.
Package marginnote Info: right page because not two side mode on input line 498
.

Missing character: There is no – ("2013) in font ETbb-Regular-osf-t1!
Package marginnote Info: xpos seems to be 107.97821pt on input line 498.
Package marginnote Info: Margin note 6.9 is on absolute page 7 on input line 50
2.
Package marginnote Info: right page because not two side mode on input line 502
.
Package marginnote Info: xpos seems to be 107.97821pt on input line 502.
Package marginnote Info: Margin note 6.10 is on absolute page 7 on input line 5
06.
Package marginnote Info: right page because not two side mode on input line 506
.
Missing character: There is no – ("2013) in font ETbb-Regular-osf-t1!
Package marginnote Info: xpos seems to be 107.97821pt on input line 506.

Overfull \hbox (2.18521pt too wide) in paragraph at lines 472--509
||[]\T1/ETbb-OsF/regular/n/12 Teacher, Train Your Brain Youth Sum-mer En-rich-m
ent Pro-gram, Mar-shall School,
 []

[6]
Package marginnote Info: Margin note 7.1 is on absolute page 7 on input line 51
4.
Package marginnote Info: right page because not two side mode on input line 514
.
Package marginnote Info: xpos seems to be 107.97821pt on input line 514.
Package marginnote Info: Margin note 7.2 is on absolute page 7 on input line 51
8.
Package marginnote Info: right page because not two side mode on input line 518
.

Missing character: There is no – ("2013) in font ETbb-Regular-osf-t1!
Package marginnote Info: xpos seems to be 107.97821pt on input line 518.
Package marginnote Info: Margin note 7.3 is on absolute page 7 on input line 52
1.
Package marginnote Info: right page because not two side mode on input line 521
.
Missing character: There is no – ("2013) in font ETbb-Regular-osf-t1!
Package marginnote Info: xpos seems to be 107.97821pt on input line 521.
Package marginnote Info: Margin note 7.4 is on absolute page 7 on input line 52
4.
Package marginnote Info: right page because not two side mode on input line 524
.
Missing character: There is no – ("2013) in font ETbb-Regular-osf-t1!
Package marginnote Info: xpos seems to be 107.97821pt on input line 524.
Package marginnote Info: Margin note 7.5 is on absolute page 7 on input line 52
7.
Package marginnote Info: right page because not two side mode on input line 527
.
Missing character: There is no – ("2013) in font ETbb-Regular-osf-t1!
Package marginnote Info: xpos seems to be 107.97821pt on input line 527.
Package marginnote Info: Margin note 7.6 is on absolute page 7 on input line 53
0.
Package marginnote Info: right page because not two side mode on input line 530
.
Missing character: There is no – ("2013) in font ETbb-Regular-osf-t1!
Package marginnote Info: xpos seems to be 107.97821pt on input line 530.
[7]
Underfull \hbox (badness 10000) in paragraph at lines 578--592

 []

[8] (./CV.aux)

LaTeX Font Warning: Some font shapes were not available, defaults substituted.

Package rerunfilecheck Info: File `CV.out' has not changed.
(rerunfilecheck)             Checksum: D41D8CD98F00B204E9800998ECF8427E;0.
 )
(\end occurred inside a group at level 7)

### simple group (level 7) entered at line 253 ({)
### simple group (level 6) entered at line 250 ({)
### simple group (level 5) entered at line 244 ({)
### simple group (level 4) entered at line 242 ({)
### simple group (level 3) entered at line 238 ({)
### simple group (level 2) entered at line 236 ({)
### simple group (level 1) entered at line 230 ({)
### bottom level 
Here is how much of TeX's memory you used:
 20078 strings out of 476775
 403717 string characters out of 5808212
 1861991 words of memory out of 5000000
 39943 multiletter control sequences out of 15000+600000
 667866 words of font info for 71 fonts, out of 8000000 for 9000
 1348 hyphenation exceptions out of 8191
 108i,9n,106p,999b,515s stack positions out of 10000i,1000n,20000p,200000b,200000s

Output written on CV.pdf (8 pages).
